# JRE version: Java(TM) SE Runtime Environment (8.0_251-b08) (build 1.8.0_251-b08)
# Java VM: Java HotSpot(TM) 64-Bit Server VM (25.251-b08 mixed mode bsd-amd64 compressed oops)
Heap:
 PSYoungGen      total 232960K, used 200057K [0x0000000795580000, 0x00000007a7c00000, 0x00000007c0000000)
  eden space 217088K, 87% used [0x0000000795580000,0x00000007a0e989e0,0x00000007a2980000)
  from space 15872K, 66% used [0x00000007a2980000,0x00000007a33c5cb8,0x00000007a3900000)
  to   space 16384K, 0% used [0x00000007a6c00000,0x00000007a6c00000,0x00000007a7c00000)
 ParOldGen       total 102400K, used 25892K [0x0000000740000000, 0x0000000746400000, 0x0000000795580000)
  object space 102400K, 25% used [0x0000000740000000,0x0000000741949340,0x0000000746400000)
 Metaspace       used 41719K, capacity 42336K, committed 42456K, reserved 1085440K
  class space    used 5381K, capacity 5569K, committed 5592K, reserved 1048576K
GC Heap History (10 events):
Event: 2.688 GC heap before
{Heap before GC invocations=9 (full 1):
 PSYoungGen      total 136704K, used 135256K [0x0000000795580000, 0x00000007a0a80000, 0x00000007c0000000)
  eden space 128000K, 100% used [0x0000000795580000,0x000000079d280000,0x000000079d280000)
  from space 8704K, 83% used [0x000000079d280000,0x000000079d996390,0x000000079db00000)
  to   space 9216K, 0% used [0x00000007a0180000,0x00000007a0180000,0x00000007a0a80000)
 ParOldGen       total 55808K, used 7266K [0x0000000740000000, 0x0000000743680000, 0x0000000795580000)
  object space 55808K, 13% used [0x0000000740000000,0x0000000740718978,0x0000000743680000)
 Metaspace       used 28393K, capacity 28914K, committed 29184K, reserved 1075200K
  class space    used 3635K, capacity 3768K, committed 3840K, reserved 1048576K
Event: 2.697 GC heap after
Heap after GC invocations=9 (full 1):
 PSYoungGen      total 173568K, used 9197K [0x0000000795580000, 0x00000007a2e80000, 0x00000007c0000000)
  eden space 164352K, 0% used [0x0000000795580000,0x0000000795580000,0x000000079f600000)
  from space 9216K, 99% used [0x00000007a0180000,0x00000007a0a7b470,0x00000007a0a80000)
  to   space 11776K, 0% used [0x000000079f600000,0x000000079f600000,0x00000007a0180000)
 ParOldGen       total 55808K, used 10840K [0x0000000740000000, 0x0000000743680000, 0x0000000795580000)
  object space 55808K, 19% used [0x0000000740000000,0x0000000740a96328,0x0000000743680000)
 Metaspace       used 28393K, capacity 28914K, committed 29184K, reserved 1075200K
  class space    used 3635K, capacity 3768K, committed 3840K, reserved 1048576K
}
Event: 3.320 GC heap before
{Heap before GC invocations=10 (full 1):
 PSYoungGen      total 173568K, used 173549K [0x0000000795580000, 0x00000007a2e80000, 0x00000007c0000000)
  eden space 164352K, 100% used [0x0000000795580000,0x000000079f600000,0x000000079f600000)
  from space 9216K, 99% used [0x00000007a0180000,0x00000007a0a7b470,0x00000007a0a80000)
  to   space 11776K, 0% used [0x000000079f600000,0x000000079f600000,0x00000007a0180000)
 ParOldGen       total 55808K, used 10840K [0x0000000740000000, 0x0000000743680000, 0x0000000795580000)
  object space 55808K, 19% used [0x0000000740000000,0x0000000740a96328,0x0000000743680000)
 Metaspace       used 30935K, capacity 31470K, committed 31872K, reserved 1077248K
  class space    used 3982K, capacity 4098K, committed 4224K, reserved 1048576K
Event: 3.330 GC heap after
Heap after GC invocations=10 (full 1):
 PSYoungGen      total 176128K, used 11749K [0x0000000795580000, 0x00000007a4800000, 0x00000007c0000000)
  eden space 164352K, 0% used [0x0000000795580000,0x0000000795580000,0x000000079f600000)
  from space 11776K, 99% used [0x000000079f600000,0x00000007a01795b0,0x00000007a0180000)
  to   space 15360K, 0% used [0x00000007a3900000,0x00000007a3900000,0x00000007a4800000)
 ParOldGen       total 55808K, used 15862K [0x0000000740000000, 0x0000000743680000, 0x0000000795580000)
  object space 55808K, 28% used [0x0000000740000000,0x0000000740f7d900,0x0000000743680000)
 Metaspace       used 30935K, capacity 31470K, committed 31872K, reserved 1077248K
  class space    used 3982K, capacity 4098K, committed 4224K, reserved 1048576K
}
Event: 3.764 GC heap before
{Heap before GC invocations=11 (full 1):
 PSYoungGen      total 176128K, used 91379K [0x0000000795580000, 0x00000007a4800000, 0x00000007c0000000)
  eden space 164352K, 48% used [0x0000000795580000,0x000000079a343738,0x000000079f600000)
  from space 11776K, 99% used [0x000000079f600000,0x00000007a01795b0,0x00000007a0180000)
  to   space 15360K, 0% used [0x00000007a3900000,0x00000007a3900000,0x00000007a4800000)
 ParOldGen       total 55808K, used 15862K [0x0000000740000000, 0x0000000743680000, 0x0000000795580000)
  object space 55808K, 28% used [0x0000000740000000,0x0000000740f7d900,0x0000000743680000)
 Metaspace       used 34727K, capacity 35316K, committed 35416K, reserved 1079296K
  class space    used 4459K, capacity 4635K, committed 4696K, reserved 1048576K
Event: 3.775 GC heap after
Heap after GC invocations=11 (full 1):
 PSYoungGen      total 232448K, used 11419K [0x0000000795580000, 0x00000007a4b00000, 0x00000007c0000000)
  eden space 217088K, 0% used [0x0000000795580000,0x0000000795580000,0x00000007a2980000)
  from space 15360K, 74% used [0x00000007a3900000,0x00000007a4426c28,0x00000007a4800000)
  to   space 15872K, 0% used [0x00000007a2980000,0x00000007a2980000,0x00000007a3900000)
 ParOldGen       total 55808K, used 22099K [0x0000000740000000, 0x0000000743680000, 0x0000000795580000)
  object space 55808K, 39% used [0x0000000740000000,0x0000000741594e08,0x0000000743680000)
 Metaspace       used 34727K, capacity 35316K, committed 35416K, reserved 1079296K
  class space    used 4459K, capacity 4635K, committed 4696K, reserved 1048576K
}
Event: 3.775 GC heap before
{Heap before GC invocations=12 (full 2):
 PSYoungGen      total 232448K, used 11419K [0x0000000795580000, 0x00000007a4b00000, 0x00000007c0000000)
  eden space 217088K, 0% used [0x0000000795580000,0x0000000795580000,0x00000007a2980000)
  from space 15360K, 74% used [0x00000007a3900000,0x00000007a4426c28,0x00000007a4800000)
  to   space 15872K, 0% used [0x00000007a2980000,0x00000007a2980000,0x00000007a3900000)
 ParOldGen       total 55808K, used 22099K [0x0000000740000000, 0x0000000743680000, 0x0000000795580000)
  object space 55808K, 39% used [0x0000000740000000,0x0000000741594e08,0x0000000743680000)
 Metaspace       used 34727K, capacity 35316K, committed 35416K, reserved 1079296K
  class space    used 4459K, capacity 4635K, committed 4696K, reserved 1048576K
Event: 3.844 GC heap after
Heap after GC invocations=12 (full 2):
 PSYoungGen      total 232448K, used 0K [0x0000000795580000, 0x00000007a4b00000, 0x00000007c0000000)
  eden space 217088K, 0% used [0x0000000795580000,0x0000000795580000,0x00000007a2980000)
  from space 15360K, 0% used [0x00000007a3900000,0x00000007a3900000,0x00000007a4800000)
  to   space 15872K, 0% used [0x00000007a2980000,0x00000007a2980000,0x00000007a3900000)
 ParOldGen       total 102400K, used 25884K [0x0000000740000000, 0x0000000746400000, 0x0000000795580000)
  object space 102400K, 25% used [0x0000000740000000,0x0000000741947340,0x0000000746400000)
 Metaspace       used 34727K, capacity 35316K, committed 35416K, reserved 1079296K
  class space    used 4459K, capacity 4635K, committed 4696K, reserved 1048576K
}
Event: 664.978 GC heap before
{Heap before GC invocations=13 (full 2):
 PSYoungGen      total 232448K, used 217088K [0x0000000795580000, 0x00000007a4b00000, 0x00000007c0000000)
  eden space 217088K, 100% used [0x0000000795580000,0x00000007a2980000,0x00000007a2980000)
  from space 15360K, 0% used [0x00000007a3900000,0x00000007a3900000,0x00000007a4800000)
  to   space 15872K, 0% used [0x00000007a2980000,0x00000007a2980000,0x00000007a3900000)
 ParOldGen       total 102400K, used 25884K [0x0000000740000000, 0x0000000746400000, 0x0000000795580000)
  object space 102400K, 25% used [0x0000000740000000,0x0000000741947340,0x0000000746400000)
 Metaspace       used 41580K, capacity 42254K, committed 42456K, reserved 1085440K
  class space    used 5371K, capacity 5562K, committed 5592K, reserved 1048576K
Event: 665.245 GC heap after
Heap after GC invocations=13 (full 2):
 PSYoungGen      total 232960K, used 10519K [0x0000000795580000, 0x00000007a7c00000, 0x00000007c0000000)
  eden space 217088K, 0% used [0x0000000795580000,0x0000000795580000,0x00000007a2980000)
  from space 15872K, 66% used [0x00000007a2980000,0x00000007a33c5cb8,0x00000007a3900000)
  to   space 16384K, 0% used [0x00000007a6c00000,0x00000007a6c00000,0x00000007a7c00000)
 ParOldGen       total 102400K, used 25892K [0x0000000740000000, 0x0000000746400000, 0x0000000795580000)
  object space 102400K, 25% used [0x0000000740000000,0x0000000741949340,0x0000000746400000)
 Metaspace       used 41580K, capacity 42254K, committed 42456K, reserved 1085440K
  class space    used 5371K, capacity 5562K, committed 5592K, reserved 1048576K
}

